0 info it worked if it ends with ok
1 verbose cli [ '/usr/local/bin/node',
1 verbose cli   '/usr/local/bin/npm',
1 verbose cli   'install',
1 verbose cli   'cookieParser',
1 verbose cli   '--save',
1 verbose cli   '-dev' ]
2 info using npm@2.15.1
3 info using node@v4.4.3
4 verbose install initial load of /Users/kangdaye/micromall/src/main/package.json
5 verbose installManyTop reading scoped package data from /Users/kangdaye/micromall/src/main/node_modules/body-parser/package.json
6 verbose installManyTop reading scoped package data from /Users/kangdaye/micromall/src/main/node_modules/cookie-parser/package.json
7 verbose installManyTop reading scoped package data from /Users/kangdaye/micromall/src/main/node_modules/debug/package.json
8 verbose installManyTop reading scoped package data from /Users/kangdaye/micromall/src/main/node_modules/express/package.json
9 verbose installManyTop reading scoped package data from /Users/kangdaye/micromall/src/main/node_modules/serve-favicon/package.json
10 verbose readDependencies loading dependencies from /Users/kangdaye/micromall/src/main/package.json
11 silly cache add args [ 'cookieParser', null ]
12 verbose cache add spec cookieParser
13 silly cache add parsed spec Result {
13 silly cache add   raw: 'cookieParser',
13 silly cache add   scope: null,
13 silly cache add   name: 'cookieParser',
13 silly cache add   rawSpec: '',
13 silly cache add   spec: 'latest',
13 silly cache add   type: 'tag' }
14 silly addNamed cookieParser@latest
15 verbose addNamed "latest" is being treated as a dist-tag for cookieParser
16 info addNameTag [ 'cookieParser', 'latest' ]
17 silly mapToRegistry name cookieParser
18 silly mapToRegistry using default registry
19 silly mapToRegistry registry https://registry.npm.taobao.org/
20 silly mapToRegistry data Result {
20 silly mapToRegistry   raw: 'cookieParser',
20 silly mapToRegistry   scope: null,
20 silly mapToRegistry   name: 'cookieParser',
20 silly mapToRegistry   rawSpec: '',
20 silly mapToRegistry   spec: 'latest',
20 silly mapToRegistry   type: 'tag' }
21 silly mapToRegistry uri https://registry.npm.taobao.org/cookieParser
22 verbose addNameTag registry:https://registry.npm.taobao.org/cookieParser not in flight; fetching
23 verbose request uri https://registry.npm.taobao.org/cookieParser
24 verbose request no auth needed
25 info attempt registry request try #1 at 10:46:44 PM
26 verbose request id 46e59fea0fc98324
27 http request GET https://registry.npm.taobao.org/cookieParser
28 http 404 https://registry.npm.taobao.org/cookieParser
29 verbose headers { 'content-type': 'application/json',
29 verbose headers   'cache-control': 'max-age=0',
29 verbose headers   'content-length': '2',
29 verbose headers   'accept-ranges': 'bytes',
29 verbose headers   date: 'Sun, 15 May 2016 14:46:46 GMT',
29 verbose headers   via: '1.1 varnish',
29 verbose headers   age: '0',
29 verbose headers   connection: 'keep-alive',
29 verbose headers   'x-served-by': 'cache-sin6920-SIN',
29 verbose headers   'x-cache': 'MISS',
29 verbose headers   'x-cache-hits': '0',
29 verbose headers   'x-timer': 'S1463323605.498050,VS0,VE845',
29 verbose headers   vary: 'Accept-Encoding' }
30 silly get cb [ 404,
30 silly get   { 'content-type': 'application/json',
30 silly get     'cache-control': 'max-age=0',
30 silly get     'content-length': '2',
30 silly get     'accept-ranges': 'bytes',
30 silly get     date: 'Sun, 15 May 2016 14:46:46 GMT',
30 silly get     via: '1.1 varnish',
30 silly get     age: '0',
30 silly get     connection: 'keep-alive',
30 silly get     'x-served-by': 'cache-sin6920-SIN',
30 silly get     'x-cache': 'MISS',
30 silly get     'x-cache-hits': '0',
30 silly get     'x-timer': 'S1463323605.498050,VS0,VE845',
30 silly get     vary: 'Accept-Encoding' } ]
31 verbose stack Error: Registry returned 404 for GET on https://registry.npm.taobao.org/cookieParser
31 verbose stack     at makeError (/usr/local/lib/node_modules/npm/node_modules/npm-registry-client/lib/request.js:264:12)
31 verbose stack     at CachingRegistryClient.<anonymous> (/usr/local/lib/node_modules/npm/node_modules/npm-registry-client/lib/request.js:242:14)
31 verbose stack     at Request._callback (/usr/local/lib/node_modules/npm/node_modules/npm-registry-client/lib/request.js:172:14)
31 verbose stack     at Request.self.callback (/usr/local/lib/node_modules/npm/node_modules/request/request.js:199:22)
31 verbose stack     at emitTwo (events.js:87:13)
31 verbose stack     at Request.emit (events.js:172:7)
31 verbose stack     at Request.<anonymous> (/usr/local/lib/node_modules/npm/node_modules/request/request.js:1036:10)
31 verbose stack     at emitOne (events.js:82:20)
31 verbose stack     at Request.emit (events.js:169:7)
31 verbose stack     at IncomingMessage.<anonymous> (/usr/local/lib/node_modules/npm/node_modules/request/request.js:963:12)
32 verbose statusCode 404
33 verbose pkgid cookieParser
34 verbose cwd /Users/kangdaye/micromall/src/main
35 error Darwin 15.3.0
36 error argv "/usr/local/bin/node" "/usr/local/bin/npm" "install" "cookieParser" "--save" "-dev"
37 error node v4.4.3
38 error npm  v2.15.1
39 error code E404
40 error 404 Registry returned 404 for GET on https://registry.npm.taobao.org/cookieParser
40 error 404
40 error 404 'cookieParser' is not in the npm registry.
40 error 404 Your package name is not valid, because
40 error 404
40 error 404  1. name can no longer contain capital letters
40 error 404 It was specified as a dependency of 'webapp'
40 error 404
40 error 404 Note that you can also install from a
40 error 404 tarball, folder, http url, or git url.
41 verbose exit [ 1, true ]
